<?xml version="1.0" encoding="UTF-8"?>
<testsuite time="42.538" failures="1" tests="2" name="tests" >
  <testcase time="0.117" classname="tests" name="first-test.ta" />
  <testcase time="42.383" classname="tests" name="run-lardeur.ta" >
    <failure message="Selenium test failed. Following are the name of the tests that failed:
run(test.PremierTest)
" type="org.squashtest.ta.framework.exception.AssertionFailedException" >
Summary
TEST :
[FAIL] # EXECUTE_SELENIUM2 lardeur/src/main WITH MAIN CLASS test.PremierTest AND COMPILE OPTIONS $(-encoding UTF-8)
	[SUCCESS] 	LOAD lardeur/src/main AS __temp_3.file
	[SUCCESS] 	CONVERT __temp_3.file TO script.java(compile) USING $(-encoding UTF-8) AS __temp_4.compiled
		[SUCCESS] 		$(-encoding UTF-8) --> {{__tempI0}}
		[SUCCESS] 		CONVERT __temp_3.file TO script.java(compile) USING {{__tempI0}} AS __temp_4.compiled
	[SUCCESS] 	CONVERT __temp_4.compiled TO script.java.selenium2(script) USING $(test.PremierTest) AS __temp_5.selenium
		[SUCCESS] 		$(test.PremierTest) --> {{__tempI1}}
		[SUCCESS] 		CONVERT __temp_4.compiled TO script.java.selenium2(script) USING {{__tempI1}} AS __temp_5.selenium
	[SUCCESS] 	EXECUTE execute WITH __temp_5.selenium AS __temp_6.result
	[FAIL] 	ASSERT __temp_6.result IS success
org.squashtest.ta.framework.exception.AssertionFailedException: Selenium test failed. Following are the name of the tests that failed:
run(test.PremierTest)

	at org.squashtest.ta.plugin.selenium.assertions.SeleniumIsSuccess.test(SeleniumIsSuccess.java:82)
	at org.squashtest.ta.backbone.engine.wrapper.UnaryAssertionHandler.test(UnaryAssertionHandler.java:94)
	at org.squashtest.ta.backbone.engine.instructionrunner.DefaultUnaryAssertionRunner.doRun(DefaultUnaryAssertionRunner.java:86)
	at org.squashtest.ta.backbone.engine.instructionrunner.AbstractDefaultInstructionRunner.run(AbstractDefaultInstructionRunner.java:70)
	at org.squashtest.ta.backbone.engine.impl.TestRunnerImpl.runInstruction(TestRunnerImpl.java:215)
	at org.squashtest.ta.backbone.engine.impl.TestRunnerImpl.runInstructionList(TestRunnerImpl.java:160)
	at org.squashtest.ta.backbone.engine.impl.TestRunnerImpl.runMetaInstruction(TestRunnerImpl.java:184)
	at org.squashtest.ta.backbone.engine.impl.TestRunnerImpl.runInstructionList(TestRunnerImpl.java:158)
	at org.squashtest.ta.backbone.engine.impl.TestRunnerImpl.runPhase(TestRunnerImpl.java:148)
	at org.squashtest.ta.backbone.engine.impl.TestRunnerImpl.runTest(TestRunnerImpl.java:119)
	at org.squashtest.ta.backbone.engine.impl.EcosystemRunnerImpl.runAllTests(EcosystemRunnerImpl.java:203)
	at org.squashtest.ta.backbone.engine.impl.EcosystemRunnerImpl.run(EcosystemRunnerImpl.java:105)
	at org.squashtest.ta.backbone.engine.impl.SuiteRunnerImpl.execute(SuiteRunnerImpl.java:68)
	at org.squashtest.ta.backbone.engine.impl.EngineImpl.execute(EngineImpl.java:69)
	at org.squashtest.ta.maven.SquashTAMojo.executeImpl(SquashTAMojo.java:335)
	at org.squashtest.ta.maven.AbstractSquashTaMojo.execution(AbstractSquashTaMojo.java:100)
	at org.squashtest.ta.maven.AbstractBaseSquashTaMojo.execute(AbstractBaseSquashTaMojo.java:85)
	at org.apache.maven.plugin.DefaultBuildPluginManager.executeMojo(DefaultBuildPluginManager.java:134)
	at org.apache.maven.lifecycle.internal.MojoExecutor.execute(MojoExecutor.java:208)
	at org.apache.maven.lifecycle.internal.MojoExecutor.execute(MojoExecutor.java:154)
	at org.apache.maven.lifecycle.internal.MojoExecutor.execute(MojoExecutor.java:146)
	at org.apache.maven.lifecycle.internal.LifecycleModuleBuilder.buildProject(LifecycleModuleBuilder.java:117)
	at org.apache.maven.lifecycle.internal.LifecycleModuleBuilder.buildProject(LifecycleModuleBuilder.java:81)
	at org.apache.maven.lifecycle.internal.builder.singlethreaded.SingleThreadedBuilder.build(SingleThreadedBuilder.java:51)
	at org.apache.maven.lifecycle.internal.LifecycleStarter.execute(LifecycleStarter.java:128)
	at org.apache.maven.DefaultMaven.doExecute(DefaultMaven.java:309)
	at org.apache.maven.DefaultMaven.doExecute(DefaultMaven.java:194)
	at org.apache.maven.DefaultMaven.execute(DefaultMaven.java:107)
	at org.apache.maven.cli.MavenCli.execute(MavenCli.java:993)
	at org.apache.maven.cli.MavenCli.doMain(MavenCli.java:345)
	at org.apache.maven.cli.MavenCli.main(MavenCli.java:191)
	at java.base/jdk.internal.reflect.NativeMethodAccessorImpl.invoke0(Native Method)
	at java.base/jdk.internal.reflect.NativeMethodAccessorImpl.invoke(NativeMethodAccessorImpl.java:62)
	at java.base/jdk.internal.reflect.DelegatingMethodAccessorImpl.invoke(DelegatingMethodAccessorImpl.java:43)
	at java.base/java.lang.reflect.Method.invoke(Method.java:566)
	at org.codehaus.plexus.classworlds.launcher.Launcher.launchEnhanced(Launcher.java:289)
	at org.codehaus.plexus.classworlds.launcher.Launcher.launch(Launcher.java:229)
	at org.codehaus.plexus.classworlds.launcher.Launcher.mainWithExitCode(Launcher.java:415)
	at org.codehaus.plexus.classworlds.launcher.Launcher.main(Launcher.java:356)

    </failure>
  </testcase>
</testsuite>